Log file open, 12/06/14 18:37:59
LogInit:Display: Running engine for game: BlankProj
LogInit: Version: 4.5.1-2336687+++depot+UE4-Releases+4.5
LogInit: API Version: 2326478
LogInit: Compiled (64-bit): Oct 21 2014 22:32:40
LogInit: Compiled with Visual C++: 18.00.21005.01
LogInit: Build Configuration: Development
LogInit: Branch Name: ++depot+UE4-Releases+4.5
LogInit: Command line: 
LogInit: Base directory: J:/Program Files/Unreal Engine/4.5/Engine/Binaries/Win64/
LogInit: Rocket: 1
[2014.12.06-18.37.59:888][  0]LogTaskGraph: Started task graph with 3 named threads and 4 total threads.
[2014.12.06-18.37.59:917][  0]LogOnline:Warning: No default platform service specified for OnlineSubsystem
[2014.12.06-18.37.59:938][  0]LogInit: Presizing for 0 objects not considered by GC, pre-allocating 0 bytes.
[2014.12.06-18.37.59:945][  0]LogInit: Object subsystem initialized
[2014.12.06-18.37.59:949][  0]LogConsoleResponse:Warning: Skipping Unknown console variable: 'UIScaleRule = ShortestSide'
[2014.12.06-18.37.59:950][  0]LogConsoleResponse:Warning:   Found in ini file 'J:/GitHub/CSC4001/UnrealProjs/BlankProj/Saved/Config/Windows/Engine.ini', in section '[/Script/Engine.RendererSettings]'
[2014.12.06-18.37.59:950][  0]LogConsoleResponse:Warning: Skipping Unknown console variable: 'UIScaleCurve = (EditorCurveData=(Keys=((Time=480,Value=0.444),(Time=720,Value=0.666),(Time=1080,Value=1.0),(Time=8640,Value=8.0))),ExternalCurve=None)'
[2014.12.06-18.37.59:950][  0]LogConsoleResponse:Warning:   Found in ini file 'J:/GitHub/CSC4001/UnrealProjs/BlankProj/Saved/Config/Windows/Engine.ini', in section '[/Script/Engine.RendererSettings]'
[2014.12.06-18.37.59:951][  0]LogInit: Selected Device Profile: [Windows]
[2014.12.06-18.37.59:951][  0]LogInit: Applying CVar settings loaded from the selected device profile: [Windows]
[2014.12.06-18.37.59:956][  0]LogInit: Computer: PETER-DESKTOP
[2014.12.06-18.37.59:957][  0]LogInit: User: Peter
[2014.12.06-18.37.59:958][  0]LogInit: CPU Page size=4096, Cores=4
[2014.12.06-18.37.59:958][  0]LogInit: High frequency timer resolution =3.420548 MHz
[2014.12.06-18.37.59:958][  0]LogMemory: Memory total: Physical=8.0GB (8GB approx) Virtual=131072.0GB
[2014.12.06-18.37.59:959][  0]LogMemory: Platform Memory Stats for Windows
[2014.12.06-18.37.59:959][  0]LogMemory: Process Physical Memory: 61.28 MB used, 61.28 MB peak
[2014.12.06-18.37.59:959][  0]LogMemory: Process Virtual Memory: 38.34 MB used, 38.34 MB peak
[2014.12.06-18.37.59:959][  0]LogMemory: Physical Memory: 4134.64 MB used, 8147.53 MB total
[2014.12.06-18.37.59:959][  0]LogMemory: Virtual Memory: 281.87 MB used, 134217728.00 MB total
[2014.12.06-18.38.00:023][  0]LogD3D11RHI: Found D3D11 adapter 0: NVIDIA GeForce GTX 560  (Feature Level 11_0)
[2014.12.06-18.38.00:023][  0]LogD3D11RHI: Adapter has 971MB of dedicated video memory, 0MB of dedicated system memory, and 3071MB of shared system memory, 2 output[s]
[2014.12.06-18.38.00:029][  0]LogD3D11RHI: Found D3D11 adapter 1: Microsoft Basic Render Driver (Feature Level 11_0)
[2014.12.06-18.38.00:029][  0]LogD3D11RHI: Adapter has 0MB of dedicated video memory, 0MB of dedicated system memory, and 256MB of shared system memory, 0 output[s]
[2014.12.06-18.38.00:030][  0]LogD3D11RHI: Chosen D3D11 Adapter Id = 0
[2014.12.06-18.38.00:034][  0]LogRHI: Texture pool is 680 MB (70% of 971 MB)
[2014.12.06-18.38.00:059][  0]LogD3D11RHI: Async texture creation enabled
[2014.12.06-18.38.00:133][  0]LogTextLocalizationManager: The requested culture ('en_GB') has no localization data; parent culture's ('en') localization data will be used.
[2014.12.06-18.38.00:238][  0]LogContentStreaming: Texture pool size is 0.000000MB
[2014.12.06-18.38.03:766][  0]LogTargetPlatformManager:Display: Building Assets For Windows
[2014.12.06-18.38.04:105][  0]LogTargetPlatformManager:Display: Building Assets For Windows
[2014.12.06-18.38.04:146][  0]LogDerivedDataCache:Display: Max Cache Size: 512 MB
[2014.12.06-18.38.04:179][  0]LogDerivedDataCache: Loaded boot cache 0.03s 39MB C:/Users/Peter/AppData/Local/UnrealEngine/4.5/DerivedDataCache/Boot.ddc.
[2014.12.06-18.38.04:180][  0]LogDerivedDataCache:Display: Loaded Boot cache: C:/Users/Peter/AppData/Local/UnrealEngine/4.5/DerivedDataCache/Boot.ddc
[2014.12.06-18.38.04:180][  0]LogDerivedDataCache: FDerivedDataBackendGraph:  Pak pak cache file ../../../../../../GitHub/CSC4001/UnrealProjs/BlankProj/DerivedDataCache/DDC.ddp not found, will not use a pak cache.
[2014.12.06-18.38.04:180][  0]LogDerivedDataCache: Unable to find inner node Pak for hierarchical cache Hierarchy.
[2014.12.06-18.38.04:228][  0]LogDerivedDataCache:Display: Pak cache opened for reading ../../../Engine/DerivedDataCache/DDC.ddp.
[2014.12.06-18.38.04:241][  0]LogDerivedDataCache: Using Local data cache path C:/Users/Peter/AppData/Local/UnrealEngine/Common/DerivedDataCache: Writable
[2014.12.06-18.38.04:369][  0]LogMeshUtilities: No automatic mesh reduction module available
[2014.12.06-18.38.04:370][  0]LogMeshUtilities: No automatic mesh merging module available
[2014.12.06-18.38.04:535][  0]LogLinker:Warning: Asset '../../../Engine/Content/Functions/Engine_MaterialFunctions02/Texturing/FlipBook.uasset' has been saved with empty engine version. The asset will be loaded but may be incompatible.
[2014.12.06-18.38.04:538][  0]LogLinker:Warning: Asset '../../../Engine/Content/Functions/Engine_MaterialFunctions02/ExampleContent/Textures/flipbook.uasset' has been saved with empty engine version. The asset will be loaded but may be incompatible.
[2014.12.06-18.38.04:668][  0]LogInit: WinSock: version 1.1 (2.2), MaxSocks=32767, MaxUdp=65467
[2014.12.06-18.38.05:373][  0]UdpMessaging: Initializing bridge on interface 0.0.0.0:0 to multicast group 230.0.0.1:6666.
[2014.12.06-18.38.05:641][  0]SourceControl: Info Source control is disabled
[2014.12.06-18.38.05:641][  0]SourceControl: Info Source control is disabled
[2014.12.06-18.38.05:646][  0]SourceControl: Info Source control is disabled
[2014.12.06-18.38.05:759][  0]LogObj: 22919 objects as part of root set at end of initial load.
[2014.12.06-18.38.05:760][  0]LogUObjectAllocator: 4805384 out of 0 bytes used by permanent object pool.
[2014.12.06-18.38.05:808][  0]LogEngine: Initializing Engine...
[2014.12.06-18.38.05:911][  0]LogInit: XAudio2 using 'Speakers (High Definition Audio Device)' : 2 channels at 44.1 kHz using 16 bits per sample (channel mask 0x3)
[2014.12.06-18.38.05:919][  0]LogInit: FAudioDevice initialized.
[2014.12.06-18.38.05:934][  0]LogAIModule: Creating AISystem for world NewWorld
[2014.12.06-18.38.05:952][  0]LogDerivedDataCache: Saved boot cache 0.02s 39MB C:/Users/Peter/AppData/Local/UnrealEngine/4.5/DerivedDataCache/Boot.ddc.
[2014.12.06-18.38.05:956][  0]LogInit: Texture streaming: Enabled
[2014.12.06-18.38.05:992][  0]LogInit: Transaction tracking system initialized
[2014.12.06-18.38.06:059][  0]BlueprintLog: New page: Editor Load
[2014.12.06-18.38.06:084][  0]LogAssetRegistry: FAssetRegistry took 0.0108 seconds to start up
[2014.12.06-18.38.06:084][  0]LogDirectoryWatcher:Warning: Failed to begin reading directory changes for ../../../Engine/Plugins/Experimental/CharacterAI/Content/. Error: 0
[2014.12.06-18.38.06:415][  0]LogTargetPlatformManager:Display: Building Assets For Windows
[2014.12.06-18.38.06:653][  0]LogTargetPlatformManager:Display: Building Assets For Windows
[2014.12.06-18.38.07:669][  0]LogConsoleResponse:Display: 
[2014.12.06-18.38.07:814][  0]SourceControl: Info Source control is disabled
[2014.12.06-18.38.07:814][  0]Cmd: MAP LOAD FILE="../../../../../../GitHub/CSC4001/UnrealProjs/BlankProj/Content/StarterContent/Advanced_Lighting.umap" TEMPLATE=0 SHOWPROGRESS=1
[2014.12.06-18.38.07:815][  0]LightingResults: New page: Lighting Build
[2014.12.06-18.38.07:821][  0]MapCheck: New page: Map Check
[2014.12.06-18.38.07:821][  0]LightingResults: New page: Lighting Build
[2014.12.06-18.38.07:833][  0]LogParticles: Destroying 0 GPU particle simulations for FXSystem 0x000000E13B1294E0
[2014.12.06-18.38.08:253][  0]LogEditorServer: Finished looking for orphan Actors (0.000 secs)
[2014.12.06-18.38.08:256][  0]LogAIModule: Creating AISystem for world Advanced_Lighting
[2014.12.06-18.38.08:258][  0]Cmd: MAP CHECKDEP
[2014.12.06-18.38.08:258][  0]MapCheck: New page: Advanced_Lighting - 6 Dec 2014 18:38:08
[2014.12.06-18.38.08:320][  0]MapCheck: Info Map check complete: 0 Error(s), 0 Warning(s), took 61.892ms to complete.
[2014.12.06-18.38.08:321][  0]LogFileHelpers: Loading map 'Advanced_Lighting' took 0.506
[2014.12.06-18.38.08:462][  0]LogCollectionManager: Loaded 0 collections in 0.000644 seconds
[2014.12.06-18.38.08:610][  0]LogCrashTracker: Crashtracker disabled due to settings.
[2014.12.06-18.38.08:637][  0]LogUObjectGlobals:Warning: Failed to find object 'Class None.'
[2014.12.06-18.38.08:678][  0]LogLoad: Full Startup: 9.71 seconds (BP compile: 0.08 seconds)
[2014.12.06-18.38.08:855][  0]LogRenderer:Warning: Reallocating scene render targets to support 992x888.
[2014.12.06-18.38.09:146][  1]LogAssetRegistry: Asset discovery search completed in 3.0724 seconds
[2014.12.06-18.38.13:859][237]LogPlayLevel: PIE:  No blueprints needed recompiling
[2014.12.06-18.38.13:860][237]PIE: New page: PIE session: Advanced_Lighting (6 Dec 2014 18:38:13)
[2014.12.06-18.38.13:864][237]LogPlayLevel: PIE: StaticDuplicateObject took: (0.003934s)
[2014.12.06-18.38.13:865][237]LogPlayLevel: PIE: World Init took: (0.000617s)
[2014.12.06-18.38.13:866][237]LogPlayLevel: PIE: Created PIE world by copying editor world from /Game/StarterContent/Advanced_Lighting.Advanced_Lighting to /Game/StarterContent/UEDPIE_0_Advanced_Lighting.Advanced_Lighting (0.005764s)
[2014.12.06-18.38.13:916][237]LogWorld: Game class is 'BlankProjGameMode'
[2014.12.06-18.38.13:932][237]LogAIModule: Creating AISystem for world Advanced_Lighting
[2014.12.06-18.38.13:934][237]LogWorld: Bringing World /Game/StarterContent/UEDPIE_0_Advanced_Lighting.Advanced_Lighting up for play (max tick rate 0) at 2014.12.06-18.38.13
[2014.12.06-18.38.13:936][237]LogWorld: Bringing up level for play took: 0.003187
[2014.12.06-18.38.13:941][237]LogGameMode: Warning - PATHS NOT DEFINED or NO PLAYERSTART with positive rating
[2014.12.06-18.38.13:949][237]PIE: Info Play in editor start time for /Game/StarterContent/UEDPIE_0_Advanced_Lighting 0.765
[2014.12.06-18.38.41:995][254]LogParticles: Destroying 0 GPU particle simulations for FXSystem 0x000000E137B18F40
[2014.12.06-18.38.46:650][568]Cmd: QUIT_EDITOR
[2014.12.06-18.38.46:884][568]LogExit: Preparing to exit.
[2014.12.06-18.38.47:616][568]LogExit: Editor shut down
[2014.12.06-18.38.47:618][568]LogExit: Transaction tracking system shut down
[2014.12.06-18.38.47:619][568]LogParticles: Destroying 0 GPU particle simulations for FXSystem 0x000000E13771F380
[2014.12.06-18.38.47:638][568]LogExit: Object subsystem successfully closed.
[2014.12.06-18.38.47:689][568]LogModuleManager: Shutting down and abandoning module AndroidDeviceDetection (167)
[2014.12.06-18.38.47:689][568]LogModuleManager: Shutting down and abandoning module CrashTracker (166)
[2014.12.06-18.38.47:689][568]LogModuleManager: Shutting down and abandoning module SuperSearch (165)
[2014.12.06-18.38.47:690][568]LogModuleManager: Shutting down and abandoning module SceneOutliner (164)
[2014.12.06-18.38.47:690][568]LogModuleManager: Shutting down and abandoning module EditorWidgets (163)
[2014.12.06-18.38.47:690][568]LogModuleManager: Shutting down and abandoning module CollectionManager (162)
[2014.12.06-18.38.47:690][568]LogModuleManager: Shutting down and abandoning module StatsViewer (161)
[2014.12.06-18.38.47:691][568]LogModuleManager: Shutting down and abandoning module FoliageEdit (160)
[2014.12.06-18.38.47:691][568]LogModuleManager: Shutting down and abandoning module LandscapeEditor (159)
[2014.12.06-18.38.47:691][568]LogModuleManager: Shutting down and abandoning module MeshPaint (158)
[2014.12.06-18.38.47:691][568]LogModuleManager: Shutting down and abandoning module ActorPickerMode (157)
[2014.12.06-18.38.47:691][568]LogModuleManager: Shutting down and abandoning module GeometryMode (156)
[2014.12.06-18.38.47:691][568]LogModuleManager: Shutting down and abandoning module TextureAlignMode (155)
[2014.12.06-18.38.47:692][568]LogModuleManager: Shutting down and abandoning module BspMode (154)
[2014.12.06-18.38.47:692][568]LogModuleManager: Shutting down and abandoning module PlacementMode (153)
[2014.12.06-18.38.47:692][568]LogModuleManager: Shutting down and abandoning module AutomationWorker (152)
[2014.12.06-18.38.47:692][568]LogModuleManager: Shutting down and abandoning module CharacterAI (151)
[2014.12.06-18.38.47:692][568]LogModuleManager: Shutting down and abandoning module GameProjectGeneration (150)
[2014.12.06-18.38.47:692][568]LogModuleManager: Shutting down and abandoning module IntroTutorials (149)
[2014.12.06-18.38.47:692][568]LogModuleManager: Shutting down and abandoning module EditorLiveStreaming (148)
[2014.12.06-18.38.47:692][568]LogModuleManager: Shutting down and abandoning module HardwareTargeting (147)
[2014.12.06-18.38.47:693][568]LogModuleManager: Shutting down and abandoning module BehaviorTreeEditor (146)
[2014.12.06-18.38.47:693][568]LogModuleManager: Shutting down and abandoning module DeviceProfileEditor (145)
[2014.12.06-18.38.47:693][568]LogModuleManager: Shutting down and abandoning module UndoHistory (144)
[2014.12.06-18.38.47:693][568]LogModuleManager: Shutting down and abandoning module GameplayTagsEditor (143)
[2014.12.06-18.38.47:693][568]LogModuleManager: Shutting down and abandoning module UserFeedback (142)
[2014.12.06-18.38.47:693][568]LogModuleManager: Shutting down and abandoning module XmlParser (141)
[2014.12.06-18.38.47:693][568]LogModuleManager: Shutting down and abandoning module Blutility (140)
[2014.12.06-18.38.47:694][568]LogModuleManager: Shutting down and abandoning module IOSPlatformEditor (139)
[2014.12.06-18.38.47:694][568]LogModuleManager: Shutting down and abandoning module IOSRuntimeSettings (138)
[2014.12.06-18.38.47:694][568]LogModuleManager: Shutting down and abandoning module AndroidPlatformEditor (137)
[2014.12.06-18.38.47:694][568]LogModuleManager: Shutting down and abandoning module AndroidRuntimeSettings (136)
[2014.12.06-18.38.47:694][568]LogModuleManager: Shutting down and abandoning module ProjectTargetPlatformEditor (135)
[2014.12.06-18.38.47:694][568]LogModuleManager: Shutting down and abandoning module ProjectSettingsViewer (134)
[2014.12.06-18.38.47:694][568]LogModuleManager: Shutting down and abandoning module InputBindingEditor (133)
[2014.12.06-18.38.47:695][568]LogModuleManager: Shutting down and abandoning module EditorSettingsViewer (132)
[2014.12.06-18.38.47:695][568]LogModuleManager: Shutting down and abandoning module SettingsEditor (131)
[2014.12.06-18.38.47:695][568]LogModuleManager: Shutting down and abandoning module ProjectLauncher (130)
[2014.12.06-18.38.47:695][568]LogModuleManager: Shutting down and abandoning module SessionFrontend (129)
[2014.12.06-18.38.47:695][568]LogModuleManager: Shutting down and abandoning module ProfilerClient (128)
[2014.12.06-18.38.47:695][568]LogModuleManager: Shutting down and abandoning module TargetDeviceServices (127)
[2014.12.06-18.38.47:695][568]LogModuleManager: Shutting down and abandoning module DeviceManager (126)
[2014.12.06-18.38.47:696][568]LogModuleManager: Shutting down and abandoning module AutomationController (125)
[2014.12.06-18.38.47:696][568]LogModuleManager: Shutting down and abandoning module AutomationWindow (124)
[2014.12.06-18.38.47:696][568]LogModuleManager: Shutting down and abandoning module Layers (123)
[2014.12.06-18.38.47:696][568]LogModuleManager: Shutting down and abandoning module ComponentVisualizers (122)
[2014.12.06-18.38.47:696][568]LogModuleManager: Shutting down and abandoning module DetailCustomizations (121)
[2014.12.06-18.38.47:696][568]LogModuleManager: Shutting down and abandoning module PackagesDialog (120)
[2014.12.06-18.38.47:696][568]LogModuleManager: Shutting down and abandoning module AssetRegistry (119)
[2014.12.06-18.38.47:720][568]LogModuleManager: Shutting down and abandoning module Persona (118)
[2014.12.06-18.38.47:721][568]LogModuleManager: Shutting down and abandoning module Kismet (117)
[2014.12.06-18.38.47:721][568]LogModuleManager: Shutting down and abandoning module GraphEditor (116)
[2014.12.06-18.38.47:721][568]LogModuleManager: Shutting down and abandoning module ClassViewer (115)
[2014.12.06-18.38.47:722][568]LogModuleManager: Shutting down and abandoning module Toolbox (114)
[2014.12.06-18.38.47:722][568]LogModuleManager: Shutting down and abandoning module ModuleUI (113)
[2014.12.06-18.38.47:722][568]LogModuleManager: Shutting down and abandoning module MovieSceneTools (112)
[2014.12.06-18.38.47:722][568]LogModuleManager: Shutting down and abandoning module OutputLog (111)
[2014.12.06-18.38.47:723][568]LogModuleManager: Shutting down and abandoning module GammaUI (110)
[2014.12.06-18.38.47:723][568]LogModuleManager: Shutting down and abandoning module Documentation (109)
[2014.12.06-18.38.47:723][568]LogModuleManager: Shutting down and abandoning module GameLiveStreaming (108)
[2014.12.06-18.38.47:723][568]LogModuleManager: Shutting down and abandoning module StreamingPauseRendering (107)
[2014.12.06-18.38.47:723][568]LogModuleManager: Shutting down and abandoning module HTTP (106)
[2014.12.06-18.38.47:724][568]LogModuleManager: Shutting down and abandoning module AnalyticsET (105)
[2014.12.06-18.38.47:724][568]LogModuleManager: Shutting down and abandoning module Analytics (104)
[2014.12.06-18.38.47:724][568]LogModuleManager: Shutting down and abandoning module GameplayDebugger (103)
[2014.12.06-18.38.47:724][568]LogModuleManager: Shutting down and abandoning module AIModule (102)
[2014.12.06-18.38.47:724][568]LogModuleManager: Shutting down and abandoning module ProfilerService (101)
[2014.12.06-18.38.47:939][568]LogModuleManager: Shutting down and abandoning module TaskGraph (100)
[2014.12.06-18.38.47:940][568]LogModuleManager: Shutting down and abandoning module SlateRemote (99)
[2014.12.06-18.38.47:940][568]LogModuleManager: Shutting down and abandoning module ScriptEditorPlugin (98)
[2014.12.06-18.38.47:941][568]LogModuleManager: Shutting down and abandoning module CustomMeshComponent (97)
[2014.12.06-18.38.47:941][568]LogModuleManager: Shutting down and abandoning module CableComponent (96)
[2014.12.06-18.38.47:942][568]LogModuleManager: Shutting down and abandoning module MessagingDebugger (95)
[2014.12.06-18.38.47:942][568]LogModuleManager: Shutting down and abandoning module MediaPlayerEditor (94)
[2014.12.06-18.38.47:943][568]LogModuleManager: Shutting down and abandoning module SpeedTreeImporter (93)
[2014.12.06-18.38.47:943][568]LogModuleManager: Shutting down and abandoning module PluginsEditor (92)
[2014.12.06-18.38.47:944][568]LogModuleManager: Shutting down and abandoning module EpicSurvey (91)
[2014.12.06-18.38.47:944][568]LogModuleManager: Shutting down and abandoning module DesktopPlatform (90)
[2014.12.06-18.38.47:944][568]LogModuleManager: Shutting down and abandoning module VisualStudioSourceCodeAccess (89)
[2014.12.06-18.38.47:945][568]LogModuleManager: Shutting down and abandoning module UObjectPlugin (88)
[2014.12.06-18.38.47:945][568]LogModuleManager: Shutting down and abandoning module SubversionSourceControl (87)
[2014.12.06-18.38.47:945][568]LogModuleManager: Shutting down and abandoning module SourceControl (86)
[2014.12.06-18.38.47:946][568]LogModuleManager: Shutting down and abandoning module PerforceSourceControl (85)
[2014.12.06-18.38.47:946][568]LogModuleManager: Shutting down and abandoning module BlankPlugin (84)
[2014.12.06-18.38.47:946][568]LogModuleManager: Shutting down and abandoning module SlateReflector (83)
[2014.12.06-18.38.47:947][568]LogModuleManager: Shutting down and abandoning module DirectoryWatcher (82)
[2014.12.06-18.38.47:948][568]LogModuleManager: Shutting down and abandoning module HotReload (81)
[2014.12.06-18.38.47:948][568]LogModuleManager: Shutting down and abandoning module MainFrame (80)
[2014.12.06-18.38.47:948][568]LogModuleManager: Shutting down and abandoning module LevelEditor (79)
[2014.12.06-18.38.47:950][568]LogModuleManager: Shutting down and abandoning module ViewportSnapping (78)
[2014.12.06-18.38.47:951][568]LogModuleManager: Shutting down and abandoning module SmartSnapping (77)
[2014.12.06-18.38.47:951][568]LogModuleManager: Shutting down and abandoning module PaperTiledImporter (76)
[2014.12.06-18.38.47:951][568]LogModuleManager: Shutting down and abandoning module PaperJsonImporter (75)
[2014.12.06-18.38.47:952][568]LogModuleManager: Shutting down and abandoning module ContentBrowser (74)
[2014.12.06-18.38.47:952][568]LogModuleManager: Shutting down and abandoning module PropertyEditor (73)
[2014.12.06-18.38.47:953][568]LogModuleManager: Shutting down and abandoning module Paper2DEditor (72)
[2014.12.06-18.38.47:953][568]LogModuleManager: Shutting down and abandoning module BlankProj (71)
[2014.12.06-18.38.47:953][568]LogModuleManager: Shutting down and abandoning module ScriptPlugin (70)
[2014.12.06-18.38.47:954][568]LogModuleManager: Shutting down and abandoning module UdpMessaging (69)
[2014.12.06-18.38.48:055][568]LogModuleManager: Shutting down and abandoning module Paper2D (68)
[2014.12.06-18.38.48:055][568]LogModuleManager: Shutting down and abandoning module WindowsMoviePlayer (67)
[2014.12.06-18.38.48:060][568]LogModuleManager: Shutting down and abandoning module Media (66)
[2014.12.06-18.38.48:061][568]LogModuleManager: Shutting down and abandoning module WmfMedia (65)
[2014.12.06-18.38.48:061][568]LogModuleManager: Shutting down and abandoning module OnlineBlueprintSupport (64)
[2014.12.06-18.38.48:062][568]LogModuleManager: Shutting down and abandoning module FunctionalTesting (63)
[2014.12.06-18.38.48:064][568]LogModuleManager: Shutting down and abandoning module CollisionAnalyzer (62)
[2014.12.06-18.38.48:064][568]LogModuleManager: Shutting down and abandoning module WorkspaceMenuStructure (61)
[2014.12.06-18.38.48:065][568]LogModuleManager: Shutting down and abandoning module MessageLog (60)
[2014.12.06-18.38.48:065][568]LogModuleManager: Shutting down and abandoning module Sequencer (59)
[2014.12.06-18.38.48:065][568]LogModuleManager: Shutting down and abandoning module AssetTools (58)
[2014.12.06-18.38.48:066][568]LogModuleManager: Shutting down and abandoning module UMGEditor (57)
[2014.12.06-18.38.48:066][568]LogModuleManager: Shutting down and abandoning module UMG (56)
[2014.12.06-18.38.48:067][568]LogModuleManager: Shutting down and abandoning module Slate (55)
[2014.12.06-18.38.48:067][568]LogModuleManager: Shutting down and abandoning module EditorStyle (54)
[2014.12.06-18.38.48:070][568]LogModuleManager: Shutting down and abandoning module SessionServices (53)
[2014.12.06-18.38.48:070][568]LogModuleManager: Shutting down and abandoning module SourceCodeAccess (52)
[2014.12.06-18.38.48:071][568]LogModuleManager: Shutting down and abandoning module HeadMountedDisplay (51)
[2014.12.06-18.38.48:071][568]LogModuleManager: Shutting down and abandoning module XAudio2 (50)
[2014.12.06-18.38.48:072][568]LogModuleManager: Shutting down and abandoning module Networking (48)
[2014.12.06-18.38.48:072][568]LogModuleManager: Shutting down and abandoning module Core (47)
[2014.12.06-18.38.48:073][568]LogModuleManager: Shutting down and abandoning module KismetCompiler (46)
[2014.12.06-18.38.48:073][568]LogModuleManager: Shutting down and abandoning module PhysXFormats (45)
[2014.12.06-18.38.48:073][568]LogModuleManager: Shutting down and abandoning module MeshUtilities (44)
[2014.12.06-18.38.48:074][568]LogModuleManager: Shutting down and abandoning module DerivedDataCache (43)
[2014.12.06-18.38.48:502][568]LogDerivedDataCache: Shutdown
[2014.12.06-18.38.48:503][568]LogModuleManager: Shutting down and abandoning module ShaderFormatOpenGL (42)
[2014.12.06-18.38.48:503][568]LogModuleManager: Shutting down and abandoning module ShaderFormatD3D (41)
[2014.12.06-18.38.48:504][568]LogModuleManager: Shutting down and abandoning module MetalShaderFormat (40)
[2014.12.06-18.38.48:505][568]LogModuleManager: Shutting down and abandoning module TextureFormatUncompressed (39)
[2014.12.06-18.38.48:505][568]LogModuleManager: Shutting down and abandoning module TextureFormatPVR (38)
[2014.12.06-18.38.48:506][568]LogModuleManager: Shutting down and abandoning module TextureFormatDXT (37)
[2014.12.06-18.38.48:506][568]LogModuleManager: Shutting down and abandoning module TextureFormatAndroid (36)
[2014.12.06-18.38.48:507][568]LogModuleManager: Shutting down and abandoning module AudioFormatOpus (35)
[2014.12.06-18.38.48:507][568]LogModuleManager: Shutting down and abandoning module AudioFormatOgg (34)
[2014.12.06-18.38.48:508][568]LogModuleManager: Shutting down and abandoning module AudioFormatADPCM (33)
[2014.12.06-18.38.48:508][568]LogModuleManager: Shutting down and abandoning module Messaging (32)
[2014.12.06-18.38.48:508][568]LogModuleManager: Shutting down and abandoning module IOSTargetPlatform (31)
[2014.12.06-18.38.48:509][568]LogModuleManager: Shutting down and abandoning module Android_PVRTCTargetPlatform (30)
[2014.12.06-18.38.48:509][568]LogModuleManager: Shutting down and abandoning module Android_ETC2TargetPlatform (29)
[2014.12.06-18.38.48:509][568]LogModuleManager: Shutting down and abandoning module Android_ETC1TargetPlatform (28)
[2014.12.06-18.38.48:510][568]LogModuleManager: Shutting down and abandoning module Android_DXTTargetPlatform (27)
[2014.12.06-18.38.48:510][568]LogModuleManager: Shutting down and abandoning module Android_ATCTargetPlatform (26)
[2014.12.06-18.38.48:511][568]LogModuleManager: Shutting down and abandoning module AndroidTargetPlatform (25)
[2014.12.06-18.38.48:511][568]LogModuleManager: Shutting down and abandoning module WindowsTargetPlatform (24)
[2014.12.06-18.38.48:511][568]LogModuleManager: Shutting down and abandoning module WindowsServerTargetPlatform (23)
[2014.12.06-18.38.48:512][568]LogModuleManager: Shutting down and abandoning module WindowsNoEditorTargetPlatform (22)
[2014.12.06-18.38.48:512][568]LogModuleManager: Shutting down and abandoning module WindowsClientTargetPlatform (21)
[2014.12.06-18.38.48:512][568]LogModuleManager: Shutting down and abandoning module TargetPlatform (20)
[2014.12.06-18.38.48:513][568]LogModuleManager: Shutting down and abandoning module InputCore (19)
[2014.12.06-18.38.48:513][568]LogModuleManager: Shutting down and abandoning module Settings (18)
[2014.12.06-18.38.48:513][568]LogModuleManager: Shutting down and abandoning module ImageWrapper (17)
[2014.12.06-18.38.48:514][568]LogModuleManager: Shutting down and abandoning module OculusRift (14)
[2014.12.06-18.38.48:514][568]LogModuleManager: Shutting down and abandoning module ExampleDeviceProfileSelector (13)
[2014.12.06-18.38.48:515][568]LogModuleManager: Shutting down and abandoning module TextureCompressor (12)
[2014.12.06-18.38.48:515][568]LogModuleManager: Shutting down and abandoning module ShaderCore (11)
[2014.12.06-18.38.48:516][568]LogModuleManager: Shutting down and abandoning module SlateRHIRenderer (10)
[2014.12.06-18.38.48:517][568]LogModuleManager: Shutting down and abandoning module OpenGLDrv (9)
[2014.12.06-18.38.48:518][568]LogModuleManager: Shutting down and abandoning module D3D11RHI (8)
[2014.12.06-18.38.48:518][568]LogModuleManager: Shutting down and abandoning module Renderer (7)
[2014.12.06-18.38.48:518][568]LogModuleManager: Shutting down and abandoning module Engine (6)
[2014.12.06-18.38.48:519][568]LogModuleManager: Shutting down and abandoning module CoreUObject (5)
[2014.12.06-18.38.48:519][568]LogModuleManager: Shutting down and abandoning module NetworkFile (4)
[2014.12.06-18.38.48:519][568]LogModuleManager: Shutting down and abandoning module StreamingFile (3)
[2014.12.06-18.38.48:520][568]LogModuleManager: Shutting down and abandoning module SandboxFile (2)
[2014.12.06-18.38.48:520][568]LogModuleManager: Shutting down and abandoning module PakFile (1)
[2014.12.06-18.38.48:522][568]LogExit: Exiting.
[2014.12.06-18.38.48:541][568]Log file closed, 12/06/14 18:38:48
